[05-07-2024 20:38:25] PayPal\Core\PayPalHttpConnection : INFO: POST https://api.sandbox.paypal.com/v1/oauth2/token
[05-07-2024 20:38:27] PayPal\Core\PayPalHttpConnection : INFO: Response Status 	: 200
[05-07-2024 20:38:27] PayPal\Core\PayPalHttpConnection : INFO: POST https://api.sandbox.paypal.com/v1/payments/payment
[05-07-2024 20:38:29] PayPal\Core\PayPalHttpConnection : INFO: Response Status 	: 201
[05-07-2024 21:32:01] PayPal\Core\PayPalHttpConnection : INFO: POST https://api.sandbox.paypal.com/v1/oauth2/token
[05-07-2024 21:32:03] PayPal\Core\PayPalHttpConnection : INFO: Response Status 	: 200
[05-07-2024 21:32:03] PayPal\Core\PayPalHttpConnection : INFO: POST https://api.sandbox.paypal.com/v1/payments/payment
[05-07-2024 21:32:05] PayPal\Core\PayPalHttpConnection : INFO: Response Status 	: 201
[05-07-2024 21:32:07] PayPal\Core\PayPalHttpConnection : INFO: POST https://api.sandbox.paypal.com/v1/oauth2/token
[05-07-2024 21:32:08] PayPal\Core\PayPalHttpConnection : INFO: Response Status 	: 200
[05-07-2024 21:32:08] PayPal\Core\PayPalHttpConnection : INFO: POST https://api.sandbox.paypal.com/v1/payments/payment
[05-07-2024 21:32:10] PayPal\Core\PayPalHttpConnection : INFO: Response Status 	: 201
[06-07-2024 06:03:51] PayPal\Core\PayPalHttpConnection : INFO: POST https://api.sandbox.paypal.com/v1/oauth2/token
[06-07-2024 12:06:32] PayPal\Core\PayPalHttpConnection : INFO: POST https://api.sandbox.paypal.com/v1/oauth2/token
[06-07-2024 12:06:33] PayPal\Core\PayPalHttpConnection : INFO: Response Status 	: 200
[06-07-2024 12:06:33] PayPal\Core\PayPalHttpConnection : INFO: POST https://api.sandbox.paypal.com/v1/payments/payment
[06-07-2024 12:06:35] PayPal\Core\PayPalHttpConnection : INFO: Response Status 	: 201
[11-07-2024 04:36:06] PayPal\Core\PayPalHttpConnection : INFO: POST https://api.paypal.com/v1/oauth2/token
[11-07-2024 04:36:08] PayPal\Core\PayPalHttpConnection : INFO: Response Status 	: 401
[11-07-2024 04:36:08] PayPal\Core\PayPalHttpConnection : ERROR: Got Http response code 401 when accessing https://api.paypal.com/v1/oauth2/token. {"error":"invalid_client","error_description":"Client Authentication failed"}
[11-07-2024 04:58:46] PayPal\Core\PayPalHttpConnection : INFO: POST https://api.paypal.com/v1/oauth2/token
[11-07-2024 04:59:25] PayPal\Core\PayPalHttpConnection : INFO: POST https://api.paypal.com/v1/oauth2/token
[11-07-2024 04:59:26] PayPal\Core\PayPalHttpConnection : INFO: Response Status 	: 401
[11-07-2024 04:59:26] PayPal\Core\PayPalHttpConnection : ERROR: Got Http response code 401 when accessing https://api.paypal.com/v1/oauth2/token. {"error":"invalid_client","error_description":"Client Authentication failed"}
[11-07-2024 05:01:00] PayPal\Core\PayPalHttpConnection : INFO: POST https://api.sandbox.paypal.com/v1/oauth2/token
[11-07-2024 05:01:01] PayPal\Core\PayPalHttpConnection : INFO: Response Status 	: 200
[11-07-2024 05:01:01] PayPal\Core\PayPalHttpConnection : INFO: POST https://api.sandbox.paypal.com/v1/payments/payment
[11-07-2024 05:01:03] PayPal\Core\PayPalHttpConnection : INFO: Response Status 	: 201
[11-07-2024 05:03:45] PayPal\Core\PayPalHttpConnection : INFO: POST https://api.sandbox.paypal.com/v1/oauth2/token
[11-07-2024 05:03:46] PayPal\Core\PayPalHttpConnection : INFO: Response Status 	: 200
[11-07-2024 05:03:46] PayPal\Core\PayPalHttpConnection : INFO: POST https://api.sandbox.paypal.com/v1/payments/payment
[11-07-2024 05:03:48] PayPal\Core\PayPalHttpConnection : INFO: Response Status 	: 201
[11-07-2024 05:06:43] PayPal\Core\PayPalHttpConnection : INFO: POST https://api.sandbox.paypal.com/v1/oauth2/token
[11-07-2024 05:06:44] PayPal\Core\PayPalHttpConnection : INFO: Response Status 	: 200
[11-07-2024 05:06:44] PayPal\Core\PayPalHttpConnection : INFO: POST https://api.sandbox.paypal.com/v1/payments/payment
[11-07-2024 05:06:46] PayPal\Core\PayPalHttpConnection : INFO: Response Status 	: 201
[11-07-2024 05:10:22] PayPal\Core\PayPalHttpConnection : INFO: POST https://api.sandbox.paypal.com/v1/oauth2/token
[11-07-2024 05:10:23] PayPal\Core\PayPalHttpConnection : INFO: Response Status 	: 200
[11-07-2024 05:10:23] PayPal\Core\PayPalHttpConnection : INFO: POST https://api.sandbox.paypal.com/v1/payments/payment
[11-07-2024 05:10:24] PayPal\Core\PayPalHttpConnection : INFO: Response Status 	: 201
[11-07-2024 05:55:09] PayPal\Core\PayPalHttpConnection : INFO: POST https://api.sandbox.paypal.com/v1/oauth2/token
[11-07-2024 05:55:10] PayPal\Core\PayPalHttpConnection : INFO: Response Status 	: 200
[11-07-2024 05:55:10] PayPal\Core\PayPalHttpConnection : INFO: POST https://api.sandbox.paypal.com/v1/payments/payment
[11-07-2024 05:55:12] PayPal\Core\PayPalHttpConnection : INFO: Response Status 	: 201
[11-07-2024 06:03:51] PayPal\Core\PayPalHttpConnection : INFO: POST https://api.sandbox.paypal.com/v1/oauth2/token
[11-07-2024 06:03:52] PayPal\Core\PayPalHttpConnection : INFO: Response Status 	: 200
[11-07-2024 06:03:52] PayPal\Core\PayPalHttpConnection : INFO: POST https://api.sandbox.paypal.com/v1/payments/payment
[11-07-2024 06:03:54] PayPal\Core\PayPalHttpConnection : INFO: Response Status 	: 201
[11-07-2024 06:06:30] PayPal\Core\PayPalHttpConnection : INFO: POST https://api.sandbox.paypal.com/v1/oauth2/token
[11-07-2024 06:06:31] PayPal\Core\PayPalHttpConnection : INFO: Response Status 	: 200
[11-07-2024 06:06:31] PayPal\Core\PayPalHttpConnection : INFO: POST https://api.sandbox.paypal.com/v1/payments/payment
[11-07-2024 06:06:33] PayPal\Core\PayPalHttpConnection : INFO: Response Status 	: 201
[11-07-2024 07:28:25] PayPal\Core\PayPalHttpConnection : INFO: POST https://api.paypal.com/v1/oauth2/token
[11-07-2024 07:28:27] PayPal\Core\PayPalHttpConnection : INFO: Response Status 	: 200
[11-07-2024 07:28:27] PayPal\Core\PayPalHttpConnection : INFO: POST https://api.paypal.com/v1/payments/payment
[11-07-2024 07:28:28] PayPal\Core\PayPalHttpConnection : INFO: Response Status 	: 201
[11-07-2024 07:30:49] PayPal\Core\PayPalHttpConnection : INFO: POST https://api.paypal.com/v1/oauth2/token
[11-07-2024 07:30:50] PayPal\Core\PayPalHttpConnection : INFO: Response Status 	: 200
[11-07-2024 07:30:50] PayPal\Core\PayPalHttpConnection : INFO: POST https://api.paypal.com/v1/payments/payment
[11-07-2024 07:30:51] PayPal\Core\PayPalHttpConnection : INFO: Response Status 	: 201
[11-07-2024 14:31:15] PayPal\Core\PayPalHttpConnection : INFO: POST https://api.paypal.com/v1/oauth2/token
[11-07-2024 14:31:17] PayPal\Core\PayPalHttpConnection : INFO: Response Status 	: 200
[11-07-2024 14:31:17] PayPal\Core\PayPalHttpConnection : INFO: POST https://api.paypal.com/v1/payments/payment
[11-07-2024 14:31:19] PayPal\Core\PayPalHttpConnection : INFO: Response Status 	: 201
